Arguments: 
  C:\Program Files\nodejs\node.exe C:\Users\mukes\AppData\Roaming\npm\node_modules\yarn\bin\yarn.js add webpack webpack-cli

PATH: 
  C:\Windows\system32;C:\Windows;C:\Windows\System32\Wbem;C:\Windows\System32\WindowsPowerShell\v1.0\;C:\Windows\System32\OpenSSH\;C:\Program Files\nodejs\;C:\Program Files\Git\cmd;C:\Users\mukes\AppData\Local\Microsoft\WindowsApps;;C:\Users\mukes\AppData\Local\Programs\Microsoft VS Code\bin;C:\Users\mukes\AppData\Roaming\npm

Yarn version: 
  1.21.1

Node version: 
  12.14.0

Platform: 
  win32 x64

Trace: 
  Error: EBUSY: resource busy or locked, rmdir 'D:\Projects\e-commerce-server\node_modules\.bin'

npm manifest: 
  {
    "name": "e-commerce-server",
    "version": "1.0.0",
    "description": "",
    "main": "index.js",
    "scripts": {
      "test": "echo \"Error: no test specified\" && exit 1"
    },
    "keywords": [],
    "author": "",
    "license": "ISC",
    "dependencies": {
      "apollo-server-express": "^2.9.15",
      "graphql": "^14.5.8"
    }
  }

yarn manifest: 
  No manifest

Lockfile: 
  No lockfile
